{"C:\\Users\\lequi\\Desktop\\pandemia-dbserver-master-backend-src\\backend\\src\\utils\\calculaDV.ts": {"path":"C:\\Users\\lequi\\Desktop\\pandemia-dbserver-master-backend-src\\backend\\src\\utils\\calculaDV.ts","statementMap":{"0":{"start":{"line":1,"column":0},"end":{"line":1,"column":44}},"1":{"start":{"line":4,"column":36},"end":{"line":4,"column":37}},"2":{"start":{"line":5,"column":4},"end":{"line":28,"column":null}},"3":{"start":{"line":6,"column":8},"end":{"line":6,"column":63}},"4":{"start":{"line":7,"column":29},"end":{"line":7,"column":74}},"5":{"start":{"line":8,"column":8},"end":{"line":10,"column":null}},"6":{"start":{"line":8,"column":29},"end":{"line":8,"column":30}},"7":{"start":{"line":9,"column":12},"end":{"line":9,"column":107}},"8":{"start":{"line":11,"column":8},"end":{"line":11,"column":58}},"9":{"start":{"line":12,"column":8},"end":{"line":14,"column":null}},"10":{"start":{"line":13,"column":12},"end":{"line":13,"column":21}},"11":{"start":{"line":15,"column":8},"end":{"line":15,"column":33}},"12":{"start":{"line":17,"column":8},"end":{"line":17,"column":63}},"13":{"start":{"line":18,"column":29},"end":{"line":18,"column":74}},"14":{"start":{"line":19,"column":8},"end":{"line":21,"column":null}},"15":{"start":{"line":19,"column":29},"end":{"line":19,"column":30}},"16":{"start":{"line":20,"column":12},"end":{"line":20,"column":120}},"17":{"start":{"line":23,"column":8},"end":{"line":25,"column":null}},"18":{"start":{"line":24,"column":12},"end":{"line":24,"column":null}},"19":{"start":{"line":26,"column":8},"end":{"line":26,"column":58}},"20":{"start":{"line":27,"column":8},"end":{"line":27,"column":33}},"21":{"start":{"line":2,"column":0},"end":{"line":2,"column":16}}},"fnMap":{"0":{"name":"calculaDV","decl":{"start":{"line":2,"column":16},"end":{"line":2,"column":25}},"loc":{"start":{"line":2,"column":60},"end":{"line":29,"column":1}}}},"branchMap":{"0":{"loc":{"start":{"line":5,"column":4},"end":{"line":28,"column":null}},"type":"if","locations":[{"start":{"line":5,"column":4},"end":{"line":28,"column":null}},{"start":{"line":16,"column":11},"end":{"line":28,"column":null}}]},"1":{"loc":{"start":{"line":12,"column":8},"end":{"line":14,"column":null}},"type":"if","locations":[{"start":{"line":12,"column":8},"end":{"line":14,"column":null}}]},"2":{"loc":{"start":{"line":12,"column":12},"end":{"line":12,"column":91}},"type":"binary-expr","locations":[{"start":{"line":12,"column":12},"end":{"line":12,"column":35}},{"start":{"line":12,"column":39},"end":{"line":12,"column":63}},{"start":{"line":12,"column":67},"end":{"line":12,"column":91}}]},"3":{"loc":{"start":{"line":23,"column":8},"end":{"line":25,"column":null}},"type":"if","locations":[{"start":{"line":23,"column":8},"end":{"line":25,"column":null}}]}},"s":{"0":1,"1":2,"2":2,"3":1,"4":1,"5":1,"6":1,"7":43,"8":1,"9":1,"10":0,"11":1,"12":1,"13":1,"14":1,"15":1,"16":43,"17":1,"18":0,"19":1,"20":1,"21":1},"f":{"0":2},"b":{"0":[1,1],"1":[0],"2":[1,1,1],"3":[0]}}
,"C:\\Users\\lequi\\Desktop\\pandemia-dbserver-master-backend-src\\backend\\src\\utils\\codigoDeBarras.ts": {"path":"C:\\Users\\lequi\\Desktop\\pandemia-dbserver-master-backend-src\\backend\\src\\utils\\codigoDeBarras.ts","statementMap":{"0":{"start":{"line":3,"column":4},"end":{"line":8,"column":null}},"1":{"start":{"line":4,"column":8},"end":{"line":4,"column":166}},"2":{"start":{"line":7,"column":8},"end":{"line":7,"column":138}},"3":{"start":{"line":9,"column":4},"end":{"line":9,"column":18}},"4":{"start":{"line":1,"column":0},"end":{"line":1,"column":16}}},"fnMap":{"0":{"name":"codigoDeBarras","decl":{"start":{"line":1,"column":16},"end":{"line":1,"column":30}},"loc":{"start":{"line":1,"column":73},"end":{"line":10,"column":1}}}},"branchMap":{"0":{"loc":{"start":{"line":3,"column":4},"end":{"line":8,"column":null}},"type":"if","locations":[{"start":{"line":3,"column":4},"end":{"line":8,"column":null}},{"start":{"line":6,"column":9},"end":{"line":8,"column":null}}]}},"s":{"0":2,"1":1,"2":1,"3":2,"4":1},"f":{"0":2},"b":{"0":[1,1]}}
,"C:\\Users\\lequi\\Desktop\\pandemia-dbserver-master-backend-src\\backend\\src\\utils\\dataVencimento.ts": {"path":"C:\\Users\\lequi\\Desktop\\pandemia-dbserver-master-backend-src\\backend\\src\\utils\\dataVencimento.ts","statementMap":{"0":{"start":{"line":4,"column":4},"end":{"line":18,"column":null}},"1":{"start":{"line":5,"column":33},"end":{"line":5,"column":64}},"2":{"start":{"line":6,"column":27},"end":{"line":6,"column":55}},"3":{"start":{"line":7,"column":8},"end":{"line":7,"column":null}},"4":{"start":{"line":8,"column":36},"end":{"line":8,"column":75}},"5":{"start":{"line":9,"column":8},"end":{"line":9,"column":29}},"6":{"start":{"line":11,"column":33},"end":{"line":11,"column":53}},"7":{"start":{"line":12,"column":25},"end":{"line":12,"column":114}},"8":{"start":{"line":13,"column":8},"end":{"line":15,"column":null}},"9":{"start":{"line":14,"column":12},"end":{"line":14,"column":null}},"10":{"start":{"line":16,"column":36},"end":{"line":16,"column":67}},"11":{"start":{"line":17,"column":8},"end":{"line":17,"column":29}},"12":{"start":{"line":3,"column":0},"end":{"line":3,"column":16}}},"fnMap":{"0":{"name":"dataVencimento","decl":{"start":{"line":3,"column":16},"end":{"line":3,"column":30}},"loc":{"start":{"line":3,"column":65},"end":{"line":19,"column":1}}}},"branchMap":{"0":{"loc":{"start":{"line":4,"column":4},"end":{"line":18,"column":null}},"type":"if","locations":[{"start":{"line":4,"column":4},"end":{"line":18,"column":null}},{"start":{"line":10,"column":11},"end":{"line":18,"column":null}}]},"1":{"loc":{"start":{"line":13,"column":8},"end":{"line":15,"column":null}},"type":"if","locations":[{"start":{"line":13,"column":8},"end":{"line":15,"column":null}}]}},"s":{"0":2,"1":1,"2":1,"3":1,"4":1,"5":1,"6":1,"7":1,"8":1,"9":1,"10":0,"11":0,"12":1},"f":{"0":2},"b":{"0":[1,1],"1":[1]}}
,"C:\\Users\\lequi\\Desktop\\pandemia-dbserver-master-backend-src\\backend\\src\\utils\\somaProduto.ts": {"path":"C:\\Users\\lequi\\Desktop\\pandemia-dbserver-master-backend-src\\backend\\src\\utils\\somaProduto.ts","statementMap":{"0":{"start":{"line":2,"column":32},"end":{"line":2,"column":50}},"1":{"start":{"line":3,"column":4},"end":{"line":7,"column":null}},"2":{"start":{"line":4,"column":8},"end":{"line":4,"column":71}},"3":{"start":{"line":6,"column":8},"end":{"line":6,"column":39}},"4":{"start":{"line":1,"column":0},"end":{"line":1,"column":16}}},"fnMap":{"0":{"name":"somaProduto","decl":{"start":{"line":1,"column":16},"end":{"line":1,"column":27}},"loc":{"start":{"line":1,"column":43},"end":{"line":8,"column":1}}}},"branchMap":{"0":{"loc":{"start":{"line":3,"column":4},"end":{"line":7,"column":null}},"type":"if","locations":[{"start":{"line":3,"column":4},"end":{"line":7,"column":null}},{"start":{"line":5,"column":11},"end":{"line":7,"column":null}}]}},"s":{"0":43,"1":43,"2":8,"3":35,"4":1},"f":{"0":43},"b":{"0":[8,35]}}
,"C:\\Users\\lequi\\Desktop\\pandemia-dbserver-master-backend-src\\backend\\src\\utils\\valorBoleto.ts": {"path":"C:\\Users\\lequi\\Desktop\\pandemia-dbserver-master-backend-src\\backend\\src\\utils\\valorBoleto.ts","statementMap":{"0":{"start":{"line":4,"column":4},"end":{"line":8,"column":null}},"1":{"start":{"line":5,"column":8},"end":{"line":5,"column":63}},"2":{"start":{"line":7,"column":8},"end":{"line":7,"column":64}},"3":{"start":{"line":9,"column":22},"end":{"line":9,"column":40}},"4":{"start":{"line":10,"column":33},"end":{"line":10,"column":105}},"5":{"start":{"line":11,"column":4},"end":{"line":11,"column":28}},"6":{"start":{"line":2,"column":0},"end":{"line":2,"column":16}}},"fnMap":{"0":{"name":"valorBoleto","decl":{"start":{"line":2,"column":16},"end":{"line":2,"column":27}},"loc":{"start":{"line":2,"column":62},"end":{"line":12,"column":1}}}},"branchMap":{"0":{"loc":{"start":{"line":4,"column":4},"end":{"line":8,"column":null}},"type":"if","locations":[{"start":{"line":4,"column":4},"end":{"line":8,"column":null}},{"start":{"line":6,"column":11},"end":{"line":8,"column":null}}]}},"s":{"0":2,"1":1,"2":1,"3":2,"4":2,"5":2,"6":1},"f":{"0":2},"b":{"0":[1,1]}}
,"C:\\Users\\lequi\\Desktop\\pandemia-dbserver-master-backend-src\\backend\\src\\utils\\verificaTipoBoleto.ts": {"path":"C:\\Users\\lequi\\Desktop\\pandemia-dbserver-master-backend-src\\backend\\src\\utils\\verificaTipoBoleto.ts","statementMap":{"0":{"start":{"line":2,"column":4},"end":{"line":4,"column":null}},"1":{"start":{"line":3,"column":8},"end":{"line":3,"column":44}},"2":{"start":{"line":5,"column":4},"end":{"line":5,"column":31}},"3":{"start":{"line":1,"column":0},"end":{"line":1,"column":16}}},"fnMap":{"0":{"name":"verificaTipoBoleto","decl":{"start":{"line":1,"column":16},"end":{"line":1,"column":34}},"loc":{"start":{"line":1,"column":49},"end":{"line":6,"column":1}}}},"branchMap":{"0":{"loc":{"start":{"line":2,"column":4},"end":{"line":4,"column":null}},"type":"if","locations":[{"start":{"line":2,"column":4},"end":{"line":4,"column":null}}]}},"s":{"0":2,"1":1,"2":1,"3":1},"f":{"0":2},"b":{"0":[1]}}
}
