TN:
SF:src\utils\calculaDV.ts
FN:2,calculaDV
FNF:1
FNH:1
FNDA:2,calculaDV
DA:1,1
DA:2,1
DA:4,2
DA:5,2
DA:6,1
DA:7,1
DA:8,1
DA:9,43
DA:11,1
DA:12,1
DA:13,0
DA:15,1
DA:17,1
DA:18,1
DA:19,1
DA:20,43
DA:23,1
DA:24,0
DA:26,1
DA:27,1
LF:20
LH:18
BRDA:5,0,0,1
BRDA:5,0,1,1
BRDA:12,1,0,0
BRDA:12,2,0,1
BRDA:12,2,1,1
BRDA:12,2,2,1
BRDA:23,3,0,0
BRF:7
BRH:5
end_of_record
TN:
SF:src\utils\codigoDeBarras.ts
FN:1,codigoDeBarras
FNF:1
FNH:1
FNDA:2,codigoDeBarras
DA:1,1
DA:3,2
DA:4,1
DA:7,1
DA:9,2
LF:5
LH:5
BRDA:3,0,0,1
BRDA:3,0,1,1
BRF:2
BRH:2
end_of_record
TN:
SF:src\utils\dataVencimento.ts
FN:3,dataVencimento
FNF:1
FNH:1
FNDA:2,dataVencimento
DA:3,1
DA:4,2
DA:5,1
DA:6,1
DA:7,1
DA:8,1
DA:9,1
DA:11,1
DA:12,1
DA:13,1
DA:14,1
DA:16,0
DA:17,0
LF:13
LH:11
BRDA:4,0,0,1
BRDA:4,0,1,1
BRDA:13,1,0,1
BRF:3
BRH:3
end_of_record
TN:
SF:src\utils\somaProduto.ts
FN:1,somaProduto
FNF:1
FNH:1
FNDA:43,somaProduto
DA:1,1
DA:2,43
DA:3,43
DA:4,8
DA:6,35
LF:5
LH:5
BRDA:3,0,0,8
BRDA:3,0,1,35
BRF:2
BRH:2
end_of_record
TN:
SF:src\utils\valorBoleto.ts
FN:2,valorBoleto
FNF:1
FNH:1
FNDA:2,valorBoleto
DA:2,1
DA:4,2
DA:5,1
DA:7,1
DA:9,2
DA:10,2
DA:11,2
LF:7
LH:7
BRDA:4,0,0,1
BRDA:4,0,1,1
BRF:2
BRH:2
end_of_record
TN:
SF:src\utils\verificaTipoBoleto.ts
FN:1,verificaTipoBoleto
FNF:1
FNH:1
FNDA:2,verificaTipoBoleto
DA:1,1
DA:2,2
DA:3,1
DA:5,1
LF:4
LH:4
BRDA:2,0,0,1
BRF:1
BRH:1
end_of_record
